<?xml version="1.0" encoding="UTF-8"?><testsuite errors="1" failures="0" name="TestingClass" skipped="0" tests="1" time="0.0" timestamp="2019-09-04 09:44:18"><testcase classname="TestingClass" name="Initialisation"><error message="org.junit.runners.model.FrameworkMethod.getDeclaringClass()Ljava/lang/Class;" type="java.lang.NoSuchMethodError">org.junit.runners.model.FrameworkMethod.getDeclaringClass()Ljava/lang/Class;</error><system-err>org.junit.runners.model.FrameworkMethod.getDeclaringClass()Ljava/lang/Class;&#13;
</system-err></testcase></testsuite>